<?xml version="1.0" encoding="UTF-8"?>
<testsuite name="WizardTD.UnstaticGraphicsTest" tests="4" skipped="0" failures="0" errors="0" timestamp="2025-04-23T17:54:26" hostname="maiminhhh.shared.sydney.edu.au" time="0.003">
  <properties/>
  <testcase name="testSetDisappearFalse()" classname="WizardTD.UnstaticGraphicsTest" time="0.001"/>
  <testcase name="testSetDisappearTrue()" classname="WizardTD.UnstaticGraphicsTest" time="0.001"/>
  <testcase name="testConstruction()" classname="WizardTD.UnstaticGraphicsTest" time="0.0"/>
  <testcase name="testSetSprite()" classname="WizardTD.UnstaticGraphicsTest" time="0.0"/>
  <system-out><![CDATA[]]></system-out>
  <system-err><![CDATA[]]></system-err>
</testsuite>
