<?xml version="1.0" encoding="UTF-8"?>
<testsuite name="WizardTD.MonsterTest" tests="5" skipped="0" failures="0" errors="0" timestamp="2025-04-23T17:54:26" hostname="maiminhhh.shared.sydney.edu.au" time="0.006">
  <properties/>
  <testcase name="testMoveNullNextStructure()" classname="WizardTD.MonsterTest" time="0.0"/>
  <testcase name="testConstruction()" classname="WizardTD.MonsterTest" time="0.001"/>
  <testcase name="testSetWizardHouse()" classname="WizardTD.MonsterTest" time="0.0"/>
  <testcase name="testDamagedDead()" classname="WizardTD.MonsterTest" time="0.001"/>
  <testcase name="testDamagedNotDead()" classname="WizardTD.MonsterTest" time="0.001"/>
  <system-out><![CDATA[]]></system-out>
  <system-err><![CDATA[]]></system-err>
</testsuite>
